


ARM Macro Assembler    Page 1 


    1 00000000         ;            Computer Architectures - 02LSEOV 02LSEOQ   
                                ;
    2 00000000         ; author:   Paolo BERNARDI - Politecnico di Torino      
                            ;
    3 00000000         ; creation:  11 November 2018         ;
    4 00000000         ; last update:  13 November 2018         ;
    5 00000000         ; functionalities:             ;
    6 00000000         ;  nothing but bringing to the reset handler     ;
    7 00000000         
    8 00000000         ; *------- <<< Use Configuration Wizard in Context Menu 
                       >>> ------------------
    9 00000000         
   10 00000000         ; <h> Stack Configuration
   11 00000000         ;   <o> Stack Size (in Bytes) <0x0-0xFFFFFFFF:8>
   12 00000000         ; </h>
   13 00000000         
   14 00000000 00000200 
                       Stack_Size
                               EQU              0x00000200
   15 00000000         
   16 00000000                 AREA             STACK, NOINIT, READWRITE, ALIGN
=3
   17 00000000         Stack_Mem
                               SPACE            Stack_Size
   18 00000200         __initial_sp
   19 00000200         
   20 00000200         
   21 00000200         ; <h> Heap Configuration
   22 00000200         ;   <o>  Heap Size (in Bytes) <0x0-0xFFFFFFFF:8>
   23 00000200         ; </h>
   24 00000200         
   25 00000200 00000200 
                       Heap_Size
                               EQU              0x00000200
   26 00000200         
   27 00000200                 AREA             HEAP, NOINIT, READWRITE, ALIGN=
3
   28 00000000         __heap_base
   29 00000000         Heap_Mem
                               SPACE            Heap_Size
   30 00000200         __heap_limit
   31 00000200         
   32 00000200         
   33 00000200                 PRESERVE8
   34 00000200                 THUMB
   35 00000200         
   36 00000200         
   37 00000200         ; Vector Table Mapped to Address 0 at Reset
   38 00000200         
   39 00000200                 AREA             RESET, DATA, READONLY
   40 00000000                 EXPORT           __Vectors
   41 00000000         
   42 00000000 00000000 
                       __Vectors
                               DCD              __initial_sp ; Top of Stack
   43 00000004 00000000        DCD              Reset_Handler ; Reset Handler
   44 00000008 00000000        DCD              NMI_Handler ; NMI Handler
   45 0000000C 00000000        DCD              HardFault_Handler ; Hard Fault 
                                                            Handler



ARM Macro Assembler    Page 2 


   46 00000010 00000000        DCD              MemManage_Handler 
                                                            ; MPU Fault Handler
                                                            
   47 00000014 00000000        DCD              BusFault_Handler 
                                                            ; Bus Fault Handler
                                                            
   48 00000018 00000000        DCD              UsageFault_Handler ; Usage Faul
                                                            t Handler
   49 0000001C 00000000        DCD              0           ; Reserved
   50 00000020 00000000        DCD              0           ; Reserved
   51 00000024 00000000        DCD              0           ; Reserved
   52 00000028 00000000        DCD              0           ; Reserved
   53 0000002C 00000000        DCD              SVC_Handler ; SVCall Handler
   54 00000030 00000000        DCD              DebugMon_Handler ; Debug Monito
                                                            r Handler
   55 00000034 00000000        DCD              0           ; Reserved
   56 00000038 00000000        DCD              PendSV_Handler ; PendSV Handler
                                                            
   57 0000003C 00000000        DCD              SysTick_Handler 
                                                            ; SysTick Handler
   58 00000040         
   59 00000040         ; External Interrupts
   60 00000040 00000000        DCD              WDT_IRQHandler ; 16: Watchdog T
                                                            imer
   61 00000044 00000000        DCD              TIMER0_IRQHandler ; 17: Timer0
   62 00000048 00000000        DCD              TIMER1_IRQHandler ; 18: Timer1
   63 0000004C 00000000        DCD              TIMER2_IRQHandler ; 19: Timer2
   64 00000050 00000000        DCD              TIMER3_IRQHandler ; 20: Timer3
   65 00000054 00000000        DCD              UART0_IRQHandler ; 21: UART0
   66 00000058 00000000        DCD              UART1_IRQHandler ; 22: UART1
   67 0000005C 00000000        DCD              UART2_IRQHandler ; 23: UART2
   68 00000060 00000000        DCD              UART3_IRQHandler ; 24: UART3
   69 00000064 00000000        DCD              PWM1_IRQHandler ; 25: PWM1
   70 00000068 00000000        DCD              I2C0_IRQHandler ; 26: I2C0
   71 0000006C 00000000        DCD              I2C1_IRQHandler ; 27: I2C1
   72 00000070 00000000        DCD              I2C2_IRQHandler ; 28: I2C2
   73 00000074 00000000        DCD              SPI_IRQHandler ; 29: SPI
   74 00000078 00000000        DCD              SSP0_IRQHandler ; 30: SSP0
   75 0000007C 00000000        DCD              SSP1_IRQHandler ; 31: SSP1
   76 00000080 00000000        DCD              PLL0_IRQHandler ; 32: PLL0 Lock
                                                             (Main PLL)
   77 00000084 00000000        DCD              RTC_IRQHandler ; 33: Real Time 
                                                            Clock
   78 00000088 00000000        DCD              EINT0_IRQHandler ; 34: External
                                                             Interrupt 0
   79 0000008C 00000000        DCD              EINT1_IRQHandler ; 35: External
                                                             Interrupt 1
   80 00000090 00000000        DCD              EINT2_IRQHandler ; 36: External
                                                             Interrupt 2
   81 00000094 00000000        DCD              EINT3_IRQHandler ; 37: External
                                                             Interrupt 3
   82 00000098 00000000        DCD              ADC_IRQHandler 
                                                            ; 38: A/D Converter
                                                            
   83 0000009C 00000000        DCD              BOD_IRQHandler ; 39: Brown-Out 
                                                            Detect
   84 000000A0 00000000        DCD              USB_IRQHandler ; 40: USB
   85 000000A4 00000000        DCD              CAN_IRQHandler ; 41: CAN
   86 000000A8 00000000        DCD              DMA_IRQHandler ; 42: General Pu



ARM Macro Assembler    Page 3 


                                                            rpose DMA
   87 000000AC 00000000        DCD              I2S_IRQHandler ; 43: I2S
   88 000000B0 00000000        DCD              ENET_IRQHandler ; 44: Ethernet
   89 000000B4 00000000        DCD              RIT_IRQHandler ; 45: Repetitive
                                                             Interrupt Timer
   90 000000B8 00000000        DCD              MCPWM_IRQHandler ; 46: Motor Co
                                                            ntrol PWM
   91 000000BC 00000000        DCD              QEI_IRQHandler ; 47: Quadrature
                                                             Encoder Interface
   92 000000C0 00000000        DCD              PLL1_IRQHandler ; 48: PLL1 Lock
                                                             (USB PLL)
   93 000000C4 00000000        DCD              USBActivity_IRQHandler ; 49: US
                                                            B Activity interrup
                                                            t to wakeup
   94 000000C8 00000000        DCD              CANActivity_IRQHandler ; 50: CA
                                                            N Activity interrup
                                                            t to wakeup
   95 000000CC         
   96 000000CC         
   97 000000CC                 IF               :LNOT::DEF:NO_CRP
   98 000000CC                 AREA             |.ARM.__at_0x02FC|, CODE, READO
NLY
   99 00000000 FFFFFFFF 
                       CRP_Key DCD              0xFFFFFFFF
  100 00000004                 ENDIF
  101 00000004         
  102 00000004                 AREA             READWRITE,NOINIT,ALIGN=3
  103 00000000         DATA_VECT
                               SPACE            100
  104 00000064         
  105 00000064         
  106 00000064                 AREA             |.text|, CODE, READONLY
  107 00000000         
  108 00000000         
  109 00000000         ; Reset Handler
  110 00000000         
  111 00000000         Reset_Handler
                               PROC
  112 00000000 00000002 
                       TotalItems
                               EQU              2
  113 00000000 0000001C 
                       LengthPrice
                               EQU              28
  114 00000000                 EXPORT           Reset_Handler             [WEAK
]
  115 00000000 485F            LDR              R0, =Reset_Handler
  116 00000002 4860            LDR              R0,=Price_list ;will be used as
                                                             index to iterate
  117 00000004 4960            LDR              R1,=Item_list ;will be used as 
                                                            index to iterate
  118 00000006 F04F 0A00       MOV              R10,#0      ; will contains the
                                                             total price
  119 0000000A F04F 0902       MOV              R9,#TotalItems ;will contains t
                                                            he number of items
  120 0000000E F04F 0B08       MOV              R11,#8
  121 00000012         LoopItems
  122 00000012 680B            LDR              R3,[R1]     ; R3 is the key ele
                                                            ment



ARM Macro Assembler    Page 4 


  123 00000014         ; now i go to find the price of the item
  124 00000014 F04F 0400       MOV              R4,#0       ;first
  125 00000018 F04F 051C       MOV              R5,#LengthPrice ; will contains
                                                             last
  126 0000001C F1A5 0501       SUB              R5,R5,#1
  127 00000020 F04F 0600       MOV              R6,#0       ; index
  128 00000024         
  129 00000024 42AC    LoopPrice
                               CMP              R4,R5
  130 00000026 DC25            BGT              MissingProduct
  131 00000028 EB04 0705       ADD              R7,R4,R5    ; midddle
  132 0000002C EA4F 0757       LSR              R7,R7,#1
  133 00000030         ; UDIV R7,R7,R11
  134 00000030         
  135 00000030 FB07 FB0B       MUL              R11,R7,R11
  136 00000034 F850 800B       LDR              R8,[R0,R11]
  137 00000038 F04F 0B08       MOV              R11,#8      ; used to multiply 
                                                            and divide
  138 0000003C 4543            CMP              R3,R8
  139 0000003E D007            BEQ              ComputePrice ;middle=R7 contain
                                                            s the correct index
                                                            
  140 00000040 4543            CMP              R3,R8
  141 00000042 DB02            BLT              UpdateLast
  142 00000044 F107 0401       ADD              R4,R7,#1
  143 00000048 E7EC            B                LoopPrice
  144 0000004A         UpdateLast
  145 0000004A F107 35FF       ADD              R5,R7,#-1
  146 0000004E E7E9            B                LoopPrice
  147 00000050 FB07 F70B 
                       ComputePrice
                               MUL              R7,R7,R11   ;arrange the index 
                                                            of the price
  148 00000054 F107 0704       ADD              R7,R7,#4    ; index to access t
                                                            he price
  149 00000058 F101 0104       ADD              R1,R1,#4    ;index to access th
                                                            e quantity
  150 0000005C 680B            LDR              R3,[R1]     ;load the quantity
  151 0000005E F850 8007       LDR              R8,[R0,R7]  ;load the price
  152 00000062 FB08 F803       MUL              R8,R8,R3
  153 00000066 44C2            ADD              R10,R10,R8  ;update of the tota
                                                            l price
  154 00000068         
  155 00000068 F101 0104       ADD              R1,R1,#4    ;update the index i
                                                            n the Items vector
  156 0000006C F1B9 0901       SUBS             R9,R9,#1    ;update the total n
                                                            umber of elements p
                                                            rocessed in Items
  157 00000070 D1CF            BNE              LoopItems
  158 00000072 E001            B                InfLoop
  159 00000074 F04F 0A00 
                       MissingProduct
                               MOV              R10,#0
  160 00000078         
  161 00000078         ; your code here
  162 00000078         
  163 00000078         
  164 00000078 E7FE    InfLoop B                InfLoop
  165 0000007A 00 00 00000004 



ARM Macro Assembler    Page 5 


              00000078 
              00000006 
              0000013B 
              00000007 
              000004BA 
              0000000A 
              000000F5 Price_list
                               DCD              0x004, 120, 0x006, 315, 0x007, 
1210, 0x00A, 245
  166 0000009C 00000010 
              000000E4 
              00000012 
              00000007 
              00000016 
              000002D2 
              00000017 
              000004C1         DCD              0x010, 228, 0x012, 7, 0x016, 72
2, 0x017, 1217
  167 000000BC 00000018 
              0000008A 
              0000001A 
              000008AE 
              0000001B 
              00000022 
              0000001E 
              0000000B         DCD              0x018, 138, 0x01A, 2222, 0x01B,
 34, 0x01E, 11
  168 000000DC 00000022 
              000000DF 
              00000023 
              000004E1 
              00000025 
              000000F0 
              00000027 
              00000070         DCD              0x022, 223, 0x023, 1249, 0x025,
 240, 0x027, 112
  169 000000FC 0000002C 
              000008C5 
              0000002D 
              0000019A 
              00000031 
              00000348 
              00000033 
              000003B1         DCD              0x02C, 2245, 0x02D, 410, 0x031,
 840, 0x033, 945
  170 0000011C 00000036 
              00000C8B 
              00000039 
              00000070 
              0000003C 
              000002CF 
              0000003E 
              00000295         DCD              0x036, 3211, 0x039, 112, 0x03C,
 719, 0x03E, 661
  171 0000013C 00000042 
              000000E6 
              00000045 
              00000458 
              00000047 



ARM Macro Assembler    Page 6 


              00000A43 
              0000004A 
              00000109         DCD              0x042, 230, 0x045, 1112, 0x047,
 2627 , 0x04A, 265
  172 0000015C         
  173 0000015C         
  174 0000015C         
  175 0000015C         
  176 0000015C 00000022 
              0000000E 
              00000006 
              000001AF Item_list
                               DCD              0x022, 14, 0x006, 431 ;,0x03E, 
                                                            1210, 0x017, 56342
  177 0000016C         
  178 0000016C                 ENDP
  179 0000016C         
  180 0000016C         
  181 0000016C         ; Dummy Exception Handlers (infinite loops which can be 
                       modified)
  182 0000016C         
  183 0000016C         NMI_Handler
                               PROC
  184 0000016C                 EXPORT           NMI_Handler               [WEAK
]
  185 0000016C E7FE            B                .
  186 0000016E                 ENDP
  188 0000016E         HardFault_Handler
                               PROC
  189 0000016E                 EXPORT           HardFault_Handler         [WEAK
]
  190 0000016E E7FE            B                .
  191 00000170                 ENDP
  193 00000170         MemManage_Handler
                               PROC
  194 00000170                 EXPORT           MemManage_Handler         [WEAK
]
  195 00000170 E7FE            B                .
  196 00000172                 ENDP
  198 00000172         BusFault_Handler
                               PROC
  199 00000172                 EXPORT           BusFault_Handler          [WEAK
]
  200 00000172 E7FE            B                .
  201 00000174                 ENDP
  203 00000174         UsageFault_Handler
                               PROC
  204 00000174                 EXPORT           UsageFault_Handler        [WEAK
]
  205 00000174 E7FE            B                .
  206 00000176                 ENDP
  207 00000176         SVC_Handler
                               PROC
  208 00000176                 EXPORT           SVC_Handler               [WEAK
]
  209 00000176 E7FE            B                .
  210 00000178                 ENDP
  212 00000178         DebugMon_Handler
                               PROC



ARM Macro Assembler    Page 7 


  213 00000178                 EXPORT           DebugMon_Handler          [WEAK
]
  214 00000178 E7FE            B                .
  215 0000017A                 ENDP
  216 0000017A         PendSV_Handler
                               PROC
  217 0000017A                 EXPORT           PendSV_Handler            [WEAK
]
  218 0000017A E7FE            B                .
  219 0000017C                 ENDP
  220 0000017C         SysTick_Handler
                               PROC
  221 0000017C                 EXPORT           SysTick_Handler           [WEAK
]
  222 0000017C E7FE            B                .
  223 0000017E                 ENDP
  224 0000017E         
  225 0000017E         Default_Handler
                               PROC
  226 0000017E         
  227 0000017E                 EXPORT           WDT_IRQHandler            [WEAK
]
  228 0000017E                 EXPORT           TIMER0_IRQHandler         [WEAK
]
  229 0000017E                 EXPORT           TIMER1_IRQHandler         [WEAK
]
  230 0000017E                 EXPORT           TIMER2_IRQHandler         [WEAK
]
  231 0000017E                 EXPORT           TIMER3_IRQHandler         [WEAK
]
  232 0000017E                 EXPORT           UART0_IRQHandler          [WEAK
]
  233 0000017E                 EXPORT           UART1_IRQHandler          [WEAK
]
  234 0000017E                 EXPORT           UART2_IRQHandler          [WEAK
]
  235 0000017E                 EXPORT           UART3_IRQHandler          [WEAK
]
  236 0000017E                 EXPORT           PWM1_IRQHandler           [WEAK
]
  237 0000017E                 EXPORT           I2C0_IRQHandler           [WEAK
]
  238 0000017E                 EXPORT           I2C1_IRQHandler           [WEAK
]
  239 0000017E                 EXPORT           I2C2_IRQHandler           [WEAK
]
  240 0000017E                 EXPORT           SPI_IRQHandler            [WEAK
]
  241 0000017E                 EXPORT           SSP0_IRQHandler           [WEAK
]
  242 0000017E                 EXPORT           SSP1_IRQHandler           [WEAK
]
  243 0000017E                 EXPORT           PLL0_IRQHandler           [WEAK
]
  244 0000017E                 EXPORT           RTC_IRQHandler            [WEAK
]
  245 0000017E                 EXPORT           EINT0_IRQHandler          [WEAK
]
  246 0000017E                 EXPORT           EINT1_IRQHandler          [WEAK



ARM Macro Assembler    Page 8 


]
  247 0000017E                 EXPORT           EINT2_IRQHandler          [WEAK
]
  248 0000017E                 EXPORT           EINT3_IRQHandler          [WEAK
]
  249 0000017E                 EXPORT           ADC_IRQHandler            [WEAK
]
  250 0000017E                 EXPORT           BOD_IRQHandler            [WEAK
]
  251 0000017E                 EXPORT           USB_IRQHandler            [WEAK
]
  252 0000017E                 EXPORT           CAN_IRQHandler            [WEAK
]
  253 0000017E                 EXPORT           DMA_IRQHandler            [WEAK
]
  254 0000017E                 EXPORT           I2S_IRQHandler            [WEAK
]
  255 0000017E                 EXPORT           ENET_IRQHandler           [WEAK
]
  256 0000017E                 EXPORT           RIT_IRQHandler            [WEAK
]
  257 0000017E                 EXPORT           MCPWM_IRQHandler          [WEAK
]
  258 0000017E                 EXPORT           QEI_IRQHandler            [WEAK
]
  259 0000017E                 EXPORT           PLL1_IRQHandler           [WEAK
]
  260 0000017E                 EXPORT           USBActivity_IRQHandler    [WEAK
]
  261 0000017E                 EXPORT           CANActivity_IRQHandler    [WEAK
]
  262 0000017E         
  263 0000017E         WDT_IRQHandler
  264 0000017E         TIMER0_IRQHandler
  265 0000017E         TIMER1_IRQHandler
  266 0000017E         TIMER2_IRQHandler
  267 0000017E         TIMER3_IRQHandler
  268 0000017E         UART0_IRQHandler
  269 0000017E         UART1_IRQHandler
  270 0000017E         UART2_IRQHandler
  271 0000017E         UART3_IRQHandler
  272 0000017E         PWM1_IRQHandler
  273 0000017E         I2C0_IRQHandler
  274 0000017E         I2C1_IRQHandler
  275 0000017E         I2C2_IRQHandler
  276 0000017E         SPI_IRQHandler
  277 0000017E         SSP0_IRQHandler
  278 0000017E         SSP1_IRQHandler
  279 0000017E         PLL0_IRQHandler
  280 0000017E         RTC_IRQHandler
  281 0000017E         EINT0_IRQHandler
  282 0000017E         EINT1_IRQHandler
  283 0000017E         EINT2_IRQHandler
  284 0000017E         EINT3_IRQHandler
  285 0000017E         ADC_IRQHandler
  286 0000017E         BOD_IRQHandler
  287 0000017E         USB_IRQHandler
  288 0000017E         CAN_IRQHandler
  289 0000017E         DMA_IRQHandler



ARM Macro Assembler    Page 9 


  290 0000017E         I2S_IRQHandler
  291 0000017E         ENET_IRQHandler
  292 0000017E         RIT_IRQHandler
  293 0000017E         MCPWM_IRQHandler
  294 0000017E         QEI_IRQHandler
  295 0000017E         PLL1_IRQHandler
  296 0000017E         USBActivity_IRQHandler
  297 0000017E         CANActivity_IRQHandler
  298 0000017E         
  299 0000017E E7FE            B                .
  300 00000180         
  301 00000180                 ENDP
  302 00000180         
  303 00000180         
  304 00000180                 ALIGN
  305 00000180         
  306 00000180         
  307 00000180         ; User Initial Stack & Heap
  308 00000180         
  309 00000180                 EXPORT           __initial_sp
  310 00000180                 EXPORT           __heap_base
  311 00000180                 EXPORT           __heap_limit
  312 00000180         
  313 00000180                 END
              00000000 
              00000000 
              00000000 
Command Line: --debug --xref --cpu=Cortex-M3 --apcs=interwork --depend=template
.d -otemplate.o -IC:\Keil\ARM\INC -IC:\Keil\ARM\INC\NXP\LPC17xx --predefine="__
EVAL SETA 1" --list=template.lst template.s



ARM Macro Assembler    Page 1 Alphabetic symbol ordering
Relocatable symbols

STACK 00000000

Symbol: STACK
   Definitions
      At line 16 in file template.s
   Uses
      None
Comment: STACK unused
Stack_Mem 00000000

Symbol: Stack_Mem
   Definitions
      At line 17 in file template.s
   Uses
      None
Comment: Stack_Mem unused
__initial_sp 00000200

Symbol: __initial_sp
   Definitions
      At line 18 in file template.s
   Uses
      At line 42 in file template.s
      At line 309 in file template.s

3 symbols



ARM Macro Assembler    Page 1 Alphabetic symbol ordering
Relocatable symbols

HEAP 00000000

Symbol: HEAP
   Definitions
      At line 27 in file template.s
   Uses
      None
Comment: HEAP unused
Heap_Mem 00000000

Symbol: Heap_Mem
   Definitions
      At line 29 in file template.s
   Uses
      None
Comment: Heap_Mem unused
__heap_base 00000000

Symbol: __heap_base
   Definitions
      At line 28 in file template.s
   Uses
      At line 310 in file template.s
Comment: __heap_base used once
__heap_limit 00000200

Symbol: __heap_limit
   Definitions
      At line 30 in file template.s
   Uses
      At line 311 in file template.s
Comment: __heap_limit used once
4 symbols



ARM Macro Assembler    Page 1 Alphabetic symbol ordering
Relocatable symbols

RESET 00000000

Symbol: RESET
   Definitions
      At line 39 in file template.s
   Uses
      None
Comment: RESET unused
__Vectors 00000000

Symbol: __Vectors
   Definitions
      At line 42 in file template.s
   Uses
      At line 40 in file template.s
Comment: __Vectors used once
2 symbols



ARM Macro Assembler    Page 1 Alphabetic symbol ordering
Relocatable symbols

.ARM.__at_0x02FC 00000000

Symbol: .ARM.__at_0x02FC
   Definitions
      At line 98 in file template.s
   Uses
      None
Comment: .ARM.__at_0x02FC unused
CRP_Key 00000000

Symbol: CRP_Key
   Definitions
      At line 99 in file template.s
   Uses
      None
Comment: CRP_Key unused
2 symbols



ARM Macro Assembler    Page 1 Alphabetic symbol ordering
Relocatable symbols

DATA_VECT 00000000

Symbol: DATA_VECT
   Definitions
      At line 103 in file template.s
   Uses
      None
Comment: DATA_VECT unused
READWRITE 00000000

Symbol: READWRITE
   Definitions
      At line 102 in file template.s
   Uses
      None
Comment: READWRITE unused
2 symbols



ARM Macro Assembler    Page 1 Alphabetic symbol ordering
Relocatable symbols

.text 00000000

Symbol: .text
   Definitions
      At line 106 in file template.s
   Uses
      None
Comment: .text unused
ADC_IRQHandler 0000017E

Symbol: ADC_IRQHandler
   Definitions
      At line 285 in file template.s
   Uses
      At line 82 in file template.s
      At line 249 in file template.s

BOD_IRQHandler 0000017E

Symbol: BOD_IRQHandler
   Definitions
      At line 286 in file template.s
   Uses
      At line 83 in file template.s
      At line 250 in file template.s

BusFault_Handler 00000172

Symbol: BusFault_Handler
   Definitions
      At line 198 in file template.s
   Uses
      At line 47 in file template.s
      At line 199 in file template.s

CANActivity_IRQHandler 0000017E

Symbol: CANActivity_IRQHandler
   Definitions
      At line 297 in file template.s
   Uses
      At line 94 in file template.s
      At line 261 in file template.s

CAN_IRQHandler 0000017E

Symbol: CAN_IRQHandler
   Definitions
      At line 288 in file template.s
   Uses
      At line 85 in file template.s
      At line 252 in file template.s

ComputePrice 00000050

Symbol: ComputePrice
   Definitions
      At line 147 in file template.s
   Uses



ARM Macro Assembler    Page 2 Alphabetic symbol ordering
Relocatable symbols

      At line 139 in file template.s
Comment: ComputePrice used once
DMA_IRQHandler 0000017E

Symbol: DMA_IRQHandler
   Definitions
      At line 289 in file template.s
   Uses
      At line 86 in file template.s
      At line 253 in file template.s

DebugMon_Handler 00000178

Symbol: DebugMon_Handler
   Definitions
      At line 212 in file template.s
   Uses
      At line 54 in file template.s
      At line 213 in file template.s

Default_Handler 0000017E

Symbol: Default_Handler
   Definitions
      At line 225 in file template.s
   Uses
      None
Comment: Default_Handler unused
EINT0_IRQHandler 0000017E

Symbol: EINT0_IRQHandler
   Definitions
      At line 281 in file template.s
   Uses
      At line 78 in file template.s
      At line 245 in file template.s

EINT1_IRQHandler 0000017E

Symbol: EINT1_IRQHandler
   Definitions
      At line 282 in file template.s
   Uses
      At line 79 in file template.s
      At line 246 in file template.s

EINT2_IRQHandler 0000017E

Symbol: EINT2_IRQHandler
   Definitions
      At line 283 in file template.s
   Uses
      At line 80 in file template.s
      At line 247 in file template.s

EINT3_IRQHandler 0000017E

Symbol: EINT3_IRQHandler
   Definitions



ARM Macro Assembler    Page 3 Alphabetic symbol ordering
Relocatable symbols

      At line 284 in file template.s
   Uses
      At line 81 in file template.s
      At line 248 in file template.s

ENET_IRQHandler 0000017E

Symbol: ENET_IRQHandler
   Definitions
      At line 291 in file template.s
   Uses
      At line 88 in file template.s
      At line 255 in file template.s

HardFault_Handler 0000016E

Symbol: HardFault_Handler
   Definitions
      At line 188 in file template.s
   Uses
      At line 45 in file template.s
      At line 189 in file template.s

I2C0_IRQHandler 0000017E

Symbol: I2C0_IRQHandler
   Definitions
      At line 273 in file template.s
   Uses
      At line 70 in file template.s
      At line 237 in file template.s

I2C1_IRQHandler 0000017E

Symbol: I2C1_IRQHandler
   Definitions
      At line 274 in file template.s
   Uses
      At line 71 in file template.s
      At line 238 in file template.s

I2C2_IRQHandler 0000017E

Symbol: I2C2_IRQHandler
   Definitions
      At line 275 in file template.s
   Uses
      At line 72 in file template.s
      At line 239 in file template.s

I2S_IRQHandler 0000017E

Symbol: I2S_IRQHandler
   Definitions
      At line 290 in file template.s
   Uses
      At line 87 in file template.s
      At line 254 in file template.s




ARM Macro Assembler    Page 4 Alphabetic symbol ordering
Relocatable symbols

InfLoop 00000078

Symbol: InfLoop
   Definitions
      At line 164 in file template.s
   Uses
      At line 158 in file template.s
      At line 164 in file template.s

Item_list 0000015C

Symbol: Item_list
   Definitions
      At line 176 in file template.s
   Uses
      At line 117 in file template.s
Comment: Item_list used once
LoopItems 00000012

Symbol: LoopItems
   Definitions
      At line 121 in file template.s
   Uses
      At line 157 in file template.s
Comment: LoopItems used once
LoopPrice 00000024

Symbol: LoopPrice
   Definitions
      At line 129 in file template.s
   Uses
      At line 143 in file template.s
      At line 146 in file template.s

MCPWM_IRQHandler 0000017E

Symbol: MCPWM_IRQHandler
   Definitions
      At line 293 in file template.s
   Uses
      At line 90 in file template.s
      At line 257 in file template.s

MemManage_Handler 00000170

Symbol: MemManage_Handler
   Definitions
      At line 193 in file template.s
   Uses
      At line 46 in file template.s
      At line 194 in file template.s

MissingProduct 00000074

Symbol: MissingProduct
   Definitions
      At line 159 in file template.s
   Uses
      At line 130 in file template.s



ARM Macro Assembler    Page 5 Alphabetic symbol ordering
Relocatable symbols

Comment: MissingProduct used once
NMI_Handler 0000016C

Symbol: NMI_Handler
   Definitions
      At line 183 in file template.s
   Uses
      At line 44 in file template.s
      At line 184 in file template.s

PLL0_IRQHandler 0000017E

Symbol: PLL0_IRQHandler
   Definitions
      At line 279 in file template.s
   Uses
      At line 76 in file template.s
      At line 243 in file template.s

PLL1_IRQHandler 0000017E

Symbol: PLL1_IRQHandler
   Definitions
      At line 295 in file template.s
   Uses
      At line 92 in file template.s
      At line 259 in file template.s

PWM1_IRQHandler 0000017E

Symbol: PWM1_IRQHandler
   Definitions
      At line 272 in file template.s
   Uses
      At line 69 in file template.s
      At line 236 in file template.s

PendSV_Handler 0000017A

Symbol: PendSV_Handler
   Definitions
      At line 216 in file template.s
   Uses
      At line 56 in file template.s
      At line 217 in file template.s

Price_list 0000007C

Symbol: Price_list
   Definitions
      At line 165 in file template.s
   Uses
      At line 116 in file template.s
Comment: Price_list used once
QEI_IRQHandler 0000017E

Symbol: QEI_IRQHandler
   Definitions
      At line 294 in file template.s



ARM Macro Assembler    Page 6 Alphabetic symbol ordering
Relocatable symbols

   Uses
      At line 91 in file template.s
      At line 258 in file template.s

RIT_IRQHandler 0000017E

Symbol: RIT_IRQHandler
   Definitions
      At line 292 in file template.s
   Uses
      At line 89 in file template.s
      At line 256 in file template.s

RTC_IRQHandler 0000017E

Symbol: RTC_IRQHandler
   Definitions
      At line 280 in file template.s
   Uses
      At line 77 in file template.s
      At line 244 in file template.s

Reset_Handler 00000000

Symbol: Reset_Handler
   Definitions
      At line 111 in file template.s
   Uses
      At line 43 in file template.s
      At line 114 in file template.s
      At line 115 in file template.s

SPI_IRQHandler 0000017E

Symbol: SPI_IRQHandler
   Definitions
      At line 276 in file template.s
   Uses
      At line 73 in file template.s
      At line 240 in file template.s

SSP0_IRQHandler 0000017E

Symbol: SSP0_IRQHandler
   Definitions
      At line 277 in file template.s
   Uses
      At line 74 in file template.s
      At line 241 in file template.s

SSP1_IRQHandler 0000017E

Symbol: SSP1_IRQHandler
   Definitions
      At line 278 in file template.s
   Uses
      At line 75 in file template.s
      At line 242 in file template.s




ARM Macro Assembler    Page 7 Alphabetic symbol ordering
Relocatable symbols

SVC_Handler 00000176

Symbol: SVC_Handler
   Definitions
      At line 207 in file template.s
   Uses
      At line 53 in file template.s
      At line 208 in file template.s

SysTick_Handler 0000017C

Symbol: SysTick_Handler
   Definitions
      At line 220 in file template.s
   Uses
      At line 57 in file template.s
      At line 221 in file template.s

TIMER0_IRQHandler 0000017E

Symbol: TIMER0_IRQHandler
   Definitions
      At line 264 in file template.s
   Uses
      At line 61 in file template.s
      At line 228 in file template.s

TIMER1_IRQHandler 0000017E

Symbol: TIMER1_IRQHandler
   Definitions
      At line 265 in file template.s
   Uses
      At line 62 in file template.s
      At line 229 in file template.s

TIMER2_IRQHandler 0000017E

Symbol: TIMER2_IRQHandler
   Definitions
      At line 266 in file template.s
   Uses
      At line 63 in file template.s
      At line 230 in file template.s

TIMER3_IRQHandler 0000017E

Symbol: TIMER3_IRQHandler
   Definitions
      At line 267 in file template.s
   Uses
      At line 64 in file template.s
      At line 231 in file template.s

UART0_IRQHandler 0000017E

Symbol: UART0_IRQHandler
   Definitions
      At line 268 in file template.s



ARM Macro Assembler    Page 8 Alphabetic symbol ordering
Relocatable symbols

   Uses
      At line 65 in file template.s
      At line 232 in file template.s

UART1_IRQHandler 0000017E

Symbol: UART1_IRQHandler
   Definitions
      At line 269 in file template.s
   Uses
      At line 66 in file template.s
      At line 233 in file template.s

UART2_IRQHandler 0000017E

Symbol: UART2_IRQHandler
   Definitions
      At line 270 in file template.s
   Uses
      At line 67 in file template.s
      At line 234 in file template.s

UART3_IRQHandler 0000017E

Symbol: UART3_IRQHandler
   Definitions
      At line 271 in file template.s
   Uses
      At line 68 in file template.s
      At line 235 in file template.s

USBActivity_IRQHandler 0000017E

Symbol: USBActivity_IRQHandler
   Definitions
      At line 296 in file template.s
   Uses
      At line 93 in file template.s
      At line 260 in file template.s

USB_IRQHandler 0000017E

Symbol: USB_IRQHandler
   Definitions
      At line 287 in file template.s
   Uses
      At line 84 in file template.s
      At line 251 in file template.s

UpdateLast 0000004A

Symbol: UpdateLast
   Definitions
      At line 144 in file template.s
   Uses
      At line 141 in file template.s
Comment: UpdateLast used once
UsageFault_Handler 00000174




ARM Macro Assembler    Page 9 Alphabetic symbol ordering
Relocatable symbols

Symbol: UsageFault_Handler
   Definitions
      At line 203 in file template.s
   Uses
      At line 48 in file template.s
      At line 204 in file template.s

WDT_IRQHandler 0000017E

Symbol: WDT_IRQHandler
   Definitions
      At line 263 in file template.s
   Uses
      At line 60 in file template.s
      At line 227 in file template.s

55 symbols



ARM Macro Assembler    Page 1 Alphabetic symbol ordering
Absolute symbols

Heap_Size 00000200

Symbol: Heap_Size
   Definitions
      At line 25 in file template.s
   Uses
      At line 29 in file template.s
Comment: Heap_Size used once
LengthPrice 0000001C

Symbol: LengthPrice
   Definitions
      At line 113 in file template.s
   Uses
      At line 125 in file template.s
Comment: LengthPrice used once
Stack_Size 00000200

Symbol: Stack_Size
   Definitions
      At line 14 in file template.s
   Uses
      At line 17 in file template.s
Comment: Stack_Size used once
TotalItems 00000002

Symbol: TotalItems
   Definitions
      At line 112 in file template.s
   Uses
      At line 119 in file template.s
Comment: TotalItems used once
4 symbols
400 symbols in table
